<?xml version="1.0" encoding="UTF-8"?>
<!-- Generated by org.testng.reporters.JUnitReportReporter -->
<testsuite skipped="0" hostname="MAC41G.local" name="MobileProgrammingLLC.WebFrameTests.Rediff_Login" tests="3" failures="0" timestamp="14 Dec 2018 23:57:14 GMT" time="11.719" errors="0">
  <testcase name="rediff_enterUser" time="2.595" classname="MobileProgrammingLLC.WebFrameTests.Rediff_Login"/>
  <testcase name="rediff_enterUser" time="2.603" classname="MobileProgrammingLLC.WebFrameTests.Rediff_Login"/>
  <testcase name="rediff_enterUser" time="6.521" classname="MobileProgrammingLLC.WebFrameTests.Rediff_Login"/>
</testsuite> <!-- MobileProgrammingLLC.WebFrameTests.Rediff_Login -->
