<?xml version="1.0" encoding="UTF-8"?>
<!-- Generated by org.testng.reporters.JUnitReportReporter -->
<testsuite skipped="0" hostname="MAC41G.local" name="MobileProgrammingLLC.WebFrameTests.GMail_Login" tests="3" failures="0" timestamp="14 Dec 2018 23:57:14 GMT" time="49.761" errors="0">
  <testcase name="verifyErrorMesssage" time="1.114" classname="MobileProgrammingLLC.WebFrameTests.GMail_Login"/>
  <testcase name="enterPassword" time="4.331" classname="MobileProgrammingLLC.WebFrameTests.GMail_Login"/>
  <testcase name="enterUserName" time="44.316" classname="MobileProgrammingLLC.WebFrameTests.GMail_Login"/>
</testsuite> <!-- MobileProgrammingLLC.WebFrameTests.GMail_Login -->
