<?xml version="1.0" encoding="UTF-8"?>
<!-- Generated by org.testng.reporters.JUnitReportReporter -->
<testsuite name="MobileProgrammingLLC.WebFrameTests.GMail_Login" tests="3" time="49.819" ignored="0" failures="0" timestamp="29 Jan 2019 23:23:29 GMT" skipped="0" hostname="MAC09F.local" errors="0">
  <testcase name="enterUserName" time="44.345" classname="MobileProgrammingLLC.WebFrameTests.GMail_Login"/>
  <testcase name="enterPassword" time="4.337" classname="MobileProgrammingLLC.WebFrameTests.GMail_Login"/>
  <testcase name="verifyErrorMesssage" time="1.137" classname="MobileProgrammingLLC.WebFrameTests.GMail_Login"/>
</testsuite> <!-- MobileProgrammingLLC.WebFrameTests.GMail_Login -->
