<?xml version="1.0" encoding="UTF-8"?>
<!-- Generated by org.testng.reporters.JUnitReportReporter -->
<testsuite name="MobileProgrammingLLC.WebFrameTests.Rediff_Login" tests="3" time="7.921" ignored="0" failures="0" timestamp="29 Jan 2019 23:23:29 GMT" skipped="0" hostname="MAC09F.local" errors="0">
  <testcase name="rediff_enterUser" time="2.602" classname="MobileProgrammingLLC.WebFrameTests.Rediff_Login"/>
  <testcase name="rediff_enterUser" time="2.612" classname="MobileProgrammingLLC.WebFrameTests.Rediff_Login"/>
  <testcase name="rediff_enterUser" time="2.707" classname="MobileProgrammingLLC.WebFrameTests.Rediff_Login"/>
</testsuite> <!-- MobileProgrammingLLC.WebFrameTests.Rediff_Login -->
