<?xml version="1.0" encoding="UTF-8"?>
<!-- Generated by org.testng.reporters.JUnitReportReporter -->
<testsuite name="MobileProgrammingLLC.WebFrameTests.GMail_Login" tests="3" time="49.577" ignored="0" failures="0" timestamp="22 Jan 2019 16:59:00 GMT" skipped="0" hostname="MAC09F.local" errors="0">
  <testcase name="enterPassword" time="4.321" classname="MobileProgrammingLLC.WebFrameTests.GMail_Login"/>
  <testcase name="verifyErrorMesssage" time="1.184" classname="MobileProgrammingLLC.WebFrameTests.GMail_Login"/>
  <testcase name="enterUserName" time="44.072" classname="MobileProgrammingLLC.WebFrameTests.GMail_Login"/>
</testsuite> <!-- MobileProgrammingLLC.WebFrameTests.GMail_Login -->
