<?xml version="1.0" encoding="UTF-8"?>
<!-- Generated by org.testng.reporters.JUnitReportReporter -->
<testsuite name="MobileProgrammingLLC.WebFrameTests.Rediff_Login" tests="3" time="13.202" ignored="0" failures="0" timestamp="22 Jan 2019 16:59:00 GMT" skipped="0" hostname="MAC09F.local" errors="0">
  <testcase name="rediff_enterUser" time="6.715" classname="MobileProgrammingLLC.WebFrameTests.Rediff_Login"/>
  <testcase name="rediff_enterUser" time="3.583" classname="MobileProgrammingLLC.WebFrameTests.Rediff_Login"/>
  <testcase name="rediff_enterUser" time="2.904" classname="MobileProgrammingLLC.WebFrameTests.Rediff_Login"/>
</testsuite> <!-- MobileProgrammingLLC.WebFrameTests.Rediff_Login -->
